<?xml version="1.0" encoding="UTF-8"?>
<!-- Generated by org.testng.reporters.JUnitXMLReporter -->
<testsuite hostname="hp" ignored="1" name="Chrome_Test" tests="1" failures="0" timestamp="2024-10-20T22:12:53 IST" time="39.509" errors="0">
  <testcase name="@AfterMethod tearDown" time="0.034" classname="testBase.BaseTest">
    <failure type="java.lang.NullPointerException">
      <![CDATA[java.lang.NullPointerException
at testBase.BaseTest.tearDown(BaseTest.java:153)
at java.util.ArrayList.forEach(ArrayList.java:1259)
at java.util.concurrent.FutureTask.run(FutureTask.java:266)
at java.util.concurrent.ThreadPoolExecutor.runWorker(ThreadPoolExecutor.java:1149)
at java.util.concurrent.ThreadPoolExecutor$Worker.run(ThreadPoolExecutor.java:624)
at java.lang.Thread.run(Thread.java:748)
... Removed 23 stack frames]]>
    </failure>
  </testcase> <!-- @AfterMethod tearDown -->
  <testcase name="@AfterClass tearDown" time="-1.729442573539E9" classname="testBase.BaseTest">
    <skipped/>
  </testcase> <!-- @AfterClass tearDown -->
  <testcase name="fileUploadUsingRobotClasses" time="24.539" classname="testCases.TC_FileUploadTest"/>
  <testcase name="fileUploadUsingSendKeys" time="0.0" classname="testCases.TC_FileUploadTest">
    <ignored/>
  </testcase> <!-- fileUploadUsingSendKeys -->
</testsuite> <!-- Chrome_Test -->
