<?xml version="1.0" encoding="UTF-8"?>
<testng-results skipped="0" failed="0" ignored="1" total="2" passed="1">
  <reporter-output>
  </reporter-output>
  <suite name="Suite" duration-ms="39509" started-at="2024-10-20T22:12:14 IST" finished-at="2024-10-20T22:12:53 IST">
    <groups>
      <group name="sanity">
        <method signature="TC_FileUploadTest.fileUploadUsingRobotClasses()[pri:2, instance:testCases.TC_FileUploadTest@2a742aa2]" name="fileUploadUsingRobotClasses" class="testCases.TC_FileUploadTest"/>
      </group> <!-- sanity -->
    </groups>
    <test name="Chrome_Test" duration-ms="39509" started-at="2024-10-20T22:12:14 IST" finished-at="2024-10-20T22:12:53 IST">
      <class name="testCases.TC_FileUploadTest">
        <test-method status="PASS" signature="setUpReport()[pri:0, instance:testCases.TC_FileUploadTest@2a742aa2]" name="setUpReport" is-config="true" duration-ms="925" started-at="2024-10-20T22:12:13 IST" finished-at="2024-10-20T22:12:13 IST">
          <reporter-output>
          </reporter-output>
        </test-method> <!-- setUpReport -->
        <test-method status="PASS" signature="setUp(java.lang.String, java.lang.String)[pri:0, instance:testCases.TC_FileUploadTest@2a742aa2]" name="setUp" is-config="true" duration-ms="14725" started-at="2024-10-20T22:12:14 IST" finished-at="2024-10-20T22:12:28 IST">
          <params>
            <param index="0">
              <value>
                <![CDATA[windows]]>
              </value>
            </param>
            <param index="1">
              <value>
                <![CDATA[chrome]]>
              </value>
            </param>
          </params>
          <reporter-output>
          </reporter-output>
        </test-method> <!-- setUp -->
        <test-method status="PASS" signature="fileUploadUsingRobotClasses()[pri:2, instance:testCases.TC_FileUploadTest@2a742aa2]" name="fileUploadUsingRobotClasses" duration-ms="24539" started-at="2024-10-20T22:12:28 IST" finished-at="2024-10-20T22:12:53 IST">
          <reporter-output>
          </reporter-output>
        </test-method> <!-- fileUploadUsingRobotClasses -->
        <test-method status="FAIL" signature="tearDown(org.testng.ITestResult)[pri:0, instance:testCases.TC_FileUploadTest@2a742aa2]" name="tearDown" is-config="true" duration-ms="34" started-at="2024-10-20T22:12:53 IST" finished-at="2024-10-20T22:12:53 IST">
          <params>
            <param index="0">
              <value>
                <![CDATA[[TestResult name=fileUploadUsingRobotClasses status=SUCCESS method=TC_FileUploadTest.fileUploadUsingRobotClasses()[pri:2, instance:testCases.TC_FileUploadTest@2a742aa2] output={null}]]]>
              </value>
            </param>
          </params>
          <exception class="java.lang.NullPointerException">
            <full-stacktrace>
              <![CDATA[java.lang.NullPointerException
at testBase.BaseTest.tearDown(BaseTest.java:153)
at sun.reflect.NativeMethodAccessorImpl.invoke0(Native Method)
at sun.reflect.NativeMethodAccessorImpl.invoke(NativeMethodAccessorImpl.java:62)
at sun.reflect.DelegatingMethodAccessorImpl.invoke(DelegatingMethodAccessorImpl.java:43)
at java.lang.reflect.Method.invoke(Method.java:498)
at org.testng.internal.MethodInvocationHelper.invokeMethod(MethodInvocationHelper.java:132)
at org.testng.internal.MethodInvocationHelper.invokeMethodConsideringTimeout(MethodInvocationHelper.java:61)
at org.testng.internal.ConfigInvoker.invokeConfigurationMethod(ConfigInvoker.java:366)
at org.testng.internal.ConfigInvoker.invokeConfigurations(ConfigInvoker.java:320)
at org.testng.internal.TestInvoker.runConfigMethods(TestInvoker.java:701)
at org.testng.internal.TestInvoker.runAfterGroupsConfigurations(TestInvoker.java:677)
at org.testng.internal.TestInvoker.invokeMethod(TestInvoker.java:661)
at org.testng.internal.TestInvoker.invokeTestMethod(TestInvoker.java:174)
at org.testng.internal.MethodRunner.runInSequence(MethodRunner.java:46)
at org.testng.internal.TestInvoker$MethodInvocationAgent.invoke(TestInvoker.java:822)
at org.testng.internal.TestInvoker.invokeTestMethods(TestInvoker.java:147)
at org.testng.internal.TestMethodWorker.invokeTestMethods(TestMethodWorker.java:146)
at org.testng.internal.TestMethodWorker.run(TestMethodWorker.java:128)
at java.util.ArrayList.forEach(ArrayList.java:1259)
at org.testng.TestRunner.privateRun(TestRunner.java:764)
at org.testng.TestRunner.run(TestRunner.java:585)
at org.testng.SuiteRunner.runTest(SuiteRunner.java:384)
at org.testng.SuiteRunner.access$000(SuiteRunner.java:28)
at org.testng.SuiteRunner$SuiteWorker.run(SuiteRunner.java:425)
at org.testng.internal.thread.ThreadUtil.lambda$execute$0(ThreadUtil.java:66)
at java.util.concurrent.FutureTask.run(FutureTask.java:266)
at java.util.concurrent.ThreadPoolExecutor.runWorker(ThreadPoolExecutor.java:1149)
at java.util.concurrent.ThreadPoolExecutor$Worker.run(ThreadPoolExecutor.java:624)
at java.lang.Thread.run(Thread.java:748)
]]>
            </full-stacktrace>
          </exception> <!-- java.lang.NullPointerException -->
          <reporter-output>
          </reporter-output>
        </test-method> <!-- tearDown -->
        <test-method status="SKIP" signature="tearDown()[pri:0, instance:testCases.TC_FileUploadTest@2a742aa2]" name="tearDown" is-config="true" duration-ms="-1729442573539" started-at="2024-10-20T22:12:53 IST" finished-at="1970-01-01T05:30:00 IST">
          <reporter-output>
          </reporter-output>
        </test-method> <!-- tearDown -->
        <test-method status="PASS" signature="tearDownReport()[pri:0, instance:testCases.TC_FileUploadTest@2a742aa2]" name="tearDownReport" is-config="true" duration-ms="1042" started-at="2024-10-20T22:12:53 IST" finished-at="2024-10-20T22:12:54 IST">
          <reporter-output>
          </reporter-output>
        </test-method> <!-- tearDownReport -->
      </class> <!-- testCases.TC_FileUploadTest -->
    </test> <!-- Chrome_Test -->
  </suite> <!-- Suite -->
</testng-results>
